<?xml version="1.0" encoding="UTF-8"?>
<!-- Generated by org.testng.reporters.JUnitReportReporter -->
<testsuite hostname="RahulRuta" failures="0" tests="1" name="runner.Campaign_Tag_RunnerClass" time="0.132" errors="0" timestamp="2024-03-28T00:13:10 IST" skipped="0">
  <testcase classname="runner.Campaign_Tag_RunnerClass" name="runScenario" time="0.132"/>
  <system-out/>
</testsuite> <!-- runner.Campaign_Tag_RunnerClass -->
